Express server listening on port 80
Connected to 'icondb' database
[90mGET / [32m200 [90m9ms - 2.32kb[0m
[90mGET /css/bootstrap.css [36m304 [90m3ms[0m
[90mGET /css/bootstrap-responsive.css [36m304 [90m1ms[0m
[90mGET /css/styles.css [36m304 [90m1ms[0m
[90mGET /socket.io/socket.io.js [33m404 [90m3ms[0m
[90mGET /lib/jquery-1.8.2.min.js [36m304 [90m0ms[0m
[90mGET /lib/underscore-min.js [36m304 [90m0ms[0m
[90mGET /lib/backbone-min.js [36m304 [90m0ms[0m
[90mGET /lib/bootstrap.min.js [36m304 [90m1ms[0m
[90mGET /js/utils.js [36m304 [90m1ms[0m
[90mGET /js/models/models.js [36m304 [90m0ms[0m
[90mGET /js/views/paginator.js [36m304 [90m2ms[0m
[90mGET /js/views/header.js [36m304 [90m1ms[0m
[90mGET /js/views/home.js [36m304 [90m0ms[0m
[90mGET /js/views/iconlist.js [36m304 [90m1ms[0m
[90mGET /js/views/icondetails.js [36m304 [90m0ms[0m
[90mGET /js/views/about.js [36m304 [90m1ms[0m
[90mGET /js/main.js [36m304 [90m0ms[0m
[90mGET /tpl/HomeView.html [36m304 [90m0ms[0m
[90mGET /tpl/HeaderView.html [36m304 [90m1ms[0m
[90mGET /tpl/IconView.html [36m304 [90m1ms[0m
[90mGET /tpl/IconListItemView.html [32m200 [90m2ms - 326[0m
[90mGET /tpl/AboutView.html [36m304 [90m0ms[0m
[90mGET /favicon.ico [33m404 [90m1ms[0m
[90mGET /img/wine.png [36m304 [90m1ms[0m
[90mGET /img/glyphicons-halflings-white.png [36m304 [90m1ms[0m
[90mGET /css/img/bg.jpg [36m304 [90m0ms[0m
[90mGET /icons [32m200 [90m7ms - 176[0m
[90mGET /favicon.ico [33m404 [90m1ms[0m
[90mGET /pics/generic.jpg [32m200 [90m3ms - 24.29kb[0m
[90mGET /img/glyphicons-halflings.png [36m304 [90m0ms[0m
Retrieving icon: 5094872d67e314e778000001
[90mGET /icons/5094872d67e314e778000001 [32m200 [90m4ms - 156[0m
[90mGET /favicon.ico [33m404 [90m1ms[0m
[90mGET /pics/generic.jpg [36m304 [90m1ms[0m
[90mGET /icons [32m200 [90m3ms - 176[0m
[90mGET /favicon.ico [33m404 [90m1ms[0m
[90mGET /pics/generic.jpg [36m304 [90m1ms[0m
[90mGET /favicon.ico [33m404 [90m1ms[0m
[90mGET /favicon.ico [33m404 [90m1ms[0m
[90mGET /favicon.ico [33m404 [90m1ms[0m
[90mGET /img/download.png [36m304 [90m1ms[0m
[90mGET /img/discuss.png [36m304 [90m1ms[0m
[90mGET /img/twitter.png [36m304 [90m2ms[0m
[90mGET /img/blog.png [36m304 [90m1ms[0m
[90mGET /favicon.ico [33m404 [90m1ms[0m
[90mGET /icons [32m200 [90m1ms - 176[0m
[90mGET /favicon.ico [33m404 [90m0ms[0m
[90mGET /pics/generic.jpg [36m304 [90m0ms[0m
[90mGET /favicon.ico [33m404 [90m1ms[0m
[90mGET /favicon.ico [33m404 [90m0ms[0m
[90mGET /favicon.ico [33m404 [90m0ms[0m
[90mGET /icons [32m200 [90m1ms - 176[0m
[90mGET /favicon.ico [33m404 [90m1ms[0m
[90mGET /pics/generic.jpg [36m304 [90m1ms[0m
Retrieving icon: 5094872d67e314e778000001
[90mGET /icons/5094872d67e314e778000001 [32m200 [90m2ms - 156[0m
[90mGET /favicon.ico [33m404 [90m1ms[0m
[90mGET /pics/generic.jpg [36m304 [90m0ms[0m
Updating icon: 5094872d67e314e778000001
{"name":"Squirrl","price":"80.00","stock":"150","description":"Get the coolest hat and jacket in town comes with a free squirrel!","picture":null}
1 document(s) updated
[90mPUT /icons/5094872d67e314e778000001 [32m200 [90m19ms - 167[0m
[90mGET /pics/generic.jpg [36m304 [90m1ms[0m
[90mGET /favicon.ico [33m404 [90m1ms[0m
[90mGET /favicon.ico [33m404 [90m1ms[0m
[90mGET /favicon.ico [33m404 [90m1ms[0m
[90mGET / [36m304 [90m1ms[0m
[90mGET /css/bootstrap.css [36m304 [90m1ms[0m
[90mGET /css/bootstrap-responsive.css [36m304 [90m0ms[0m
[90mGET /css/styles.css [36m304 [90m0ms[0m
[90mGET /socket.io/socket.io.js [33m404 [90m1ms[0m
[90mGET /lib/jquery-1.8.2.min.js [36m304 [90m1ms[0m
[90mGET /lib/underscore-min.js [36m304 [90m1ms[0m
[90mGET /lib/backbone-min.js [36m304 [90m0ms[0m
[90mGET /lib/bootstrap.min.js [36m304 [90m1ms[0m
[90mGET /js/utils.js [36m304 [90m1ms[0m
[90mGET /js/models/models.js [36m304 [90m0ms[0m
[90mGET /js/views/paginator.js [36m304 [90m1ms[0m
[90mGET /js/views/header.js [36m304 [90m0ms[0m
[90mGET /js/views/home.js [36m304 [90m0ms[0m
[90mGET /js/views/iconlist.js [36m304 [90m1ms[0m
[90mGET /js/views/icondetails.js [36m304 [90m1ms[0m
[90mGET /js/views/about.js [36m304 [90m0ms[0m
[90mGET /js/main.js [36m304 [90m2ms[0m
[90mGET /tpl/HomeView.html [36m304 [90m1ms[0m
[90mGET /tpl/HeaderView.html [36m304 [90m1ms[0m
[90mGET /tpl/IconView.html [36m304 [90m1ms[0m
[90mGET /tpl/IconListItemView.html [36m304 [90m0ms[0m
[90mGET /tpl/AboutView.html [36m304 [90m1ms[0m
[90mGET /img/wine.png [36m304 [90m0ms[0m
[90mGET /img/glyphicons-halflings-white.png [36m304 [90m1ms[0m
[90mGET /css/img/bg.jpg [32m200 [90m171ms - 133.26kb[0m
[90mGET /favicon.ico [33m404 [90m1ms[0m
[90mGET / [36m304 [90m0ms[0m
[90mGET /css/bootstrap.css [36m304 [90m0ms[0m
[90mGET /css/bootstrap-responsive.css [36m304 [90m0ms[0m
[90mGET /css/styles.css [32m200 [90m2ms - 1.88kb[0m
[90mGET /socket.io/socket.io.js [33m404 [90m0ms[0m
[90mGET /lib/jquery-1.8.2.min.js [36m304 [90m1ms[0m
[90mGET /lib/underscore-min.js [36m304 [90m0ms[0m
[90mGET /lib/backbone-min.js [36m304 [90m0ms[0m
[90mGET /lib/bootstrap.min.js [36m304 [90m0ms[0m
[90mGET /js/utils.js [36m304 [90m1ms[0m
[90mGET /js/models/models.js [36m304 [90m0ms[0m
[90mGET /js/views/header.js [36m304 [90m0ms[0m
[90mGET /js/views/home.js [36m304 [90m1ms[0m
[90mGET /js/views/iconlist.js [36m304 [90m0ms[0m
[90mGET /js/views/icondetails.js [36m304 [90m1ms[0m
[90mGET /js/views/about.js [36m304 [90m1ms[0m
[90mGET /js/main.js [36m304 [90m1ms[0m
[90mGET /js/views/paginator.js [36m304 [90m1ms[0m
[90mGET /tpl/HomeView.html [36m304 [90m0ms[0m
[90mGET /tpl/HeaderView.html [36m304 [90m0ms[0m
[90mGET /tpl/IconView.html [36m304 [90m1ms[0m
[90mGET /tpl/IconListItemView.html [36m304 [90m0ms[0m
[90mGET /tpl/AboutView.html [36m304 [90m0ms[0m
[90mGET /favicon.ico [33m404 [90m1ms[0m
[90mGET /img/wine.png [36m304 [90m0ms[0m
[90mGET /css/img/bg.jpg [36m304 [90m1ms[0m
[90mGET /favicon.ico [33m404 [90m1ms[0m
[90mGET / [36m304 [90m1ms[0m
[90mGET /css/bootstrap.css [36m304 [90m1ms[0m
[90mGET /css/bootstrap-responsive.css [36m304 [90m0ms[0m
[90mGET /css/styles.css [32m200 [90m1ms - 1.93kb[0m
[90mGET /socket.io/socket.io.js [33m404 [90m0ms[0m
[90mGET /lib/jquery-1.8.2.min.js [36m304 [90m0ms[0m
[90mGET /lib/underscore-min.js [36m304 [90m2ms[0m
[90mGET /lib/backbone-min.js [36m304 [90m0ms[0m
[90mGET /lib/bootstrap.min.js [36m304 [90m1ms[0m
[90mGET /js/utils.js [36m304 [90m1ms[0m
[90mGET /js/models/models.js [36m304 [90m1ms[0m
[90mGET /js/views/paginator.js [36m304 [90m1ms[0m
[90mGET /js/views/header.js [36m304 [90m1ms[0m
[90mGET /js/views/home.js [36m304 [90m1ms[0m
[90mGET /js/views/iconlist.js [36m304 [90m0ms[0m
[90mGET /js/views/icondetails.js [36m304 [90m2ms[0m
[90mGET /js/views/about.js [36m304 [90m2ms[0m
[90mGET /js/main.js [36m304 [90m0ms[0m
[90mGET /tpl/HomeView.html [36m304 [90m0ms[0m
[90mGET /tpl/HeaderView.html [36m304 [90m0ms[0m
[90mGET /tpl/IconView.html [36m304 [90m0ms[0m
[90mGET /tpl/IconListItemView.html [36m304 [90m0ms[0m
[90mGET /tpl/AboutView.html [36m304 [90m1ms[0m
[90mGET /favicon.ico [33m404 [90m0ms[0m
[90mGET /img/wine.png [36m304 [90m0ms[0m
[90mGET /css/img/bg.jpg [36m304 [90m0ms[0m
[90mGET /favicon.ico [33m404 [90m0ms[0m
[90mGET /img/download.png [36m304 [90m0ms[0m
[90mGET /img/twitter.png [36m304 [90m1ms[0m
[90mGET /img/blog.png [36m304 [90m1ms[0m
[90mGET /favicon.ico [33m404 [90m0ms[0m
[90mGET /img/discuss.png [36m304 [90m0ms[0m
[90mGET /icons [32m200 [90m1ms - 224[0m
[90mGET /favicon.ico [33m404 [90m1ms[0m
[90mGET /pics/generic.jpg [36m304 [90m0ms[0m
[90mGET /img/glyphicons-halflings.png [36m304 [90m0ms[0m
Retrieving icon: 5094872d67e314e778000001
[90mGET /icons/5094872d67e314e778000001 [32m200 [90m1ms - 204[0m
[90mGET /favicon.ico [33m404 [90m1ms[0m
[90mGET /pics/generic.jpg [36m304 [90m1ms[0m
[90mGET / [32m200 [90m0ms - 2.32kb[0m
[90mGET /pics/generic.jpg [36m304 [90m0ms[0m
[90mGET /favicon.ico [33m404 [90m1ms[0m
Adding icon: {"_id":null,"name":"Spiral","price":"200","stock":"12","description":"Whizzy flashy and spirally","picture":null}
Success: {"_id":"509497924bbf447479000001","name":"Spiral","price":"200","stock":"12","description":"Whizzy flashy and spirally","picture":null}
[90mPOST /icons [32m200 [90m4ms - 160[0m
[90mGET /pics/generic.jpg [36m304 [90m0ms[0m
[90mGET /favicon.ico [33m404 [90m0ms[0m
[90mGET /icons [32m200 [90m3ms - 402[0m
[90mGET /pics/generic.jpg [36m304 [90m1ms[0m
[90mGET /favicon.ico [33m404 [90m1ms[0m
[90mGET /pics/generic.jpg [36m304 [90m1ms[0m
[90mGET /favicon.ico [33m404 [90m0ms[0m
[90mGET / [32m200 [90m1ms - 2.38kb[0m
[90mGET /css/bootstrap.css [36m304 [90m0ms[0m
[90mGET /css/bootstrap-responsive.css [36m304 [90m0ms[0m
[90mGET /css/styles.css [36m304 [90m0ms[0m
[90mGET /socket.io/socket.io.js [33m404 [90m1ms[0m
[90mGET /lib/jquery-1.8.2.min.js [36m304 [90m0ms[0m
[90mGET /lib/underscore-min.js [36m304 [90m0ms[0m
[90mGET /lib/backbone-min.js [36m304 [90m1ms[0m
[90mGET /lib/bootstrap.min.js [36m304 [90m0ms[0m
[90mGET /js/utils.js [36m304 [90m0ms[0m
[90mGET /js/models/models.js [36m304 [90m2ms[0m
[90mGET /js/views/paginator.js [36m304 [90m0ms[0m
[90mGET /js/views/header.js [36m304 [90m0ms[0m
[90mGET /js/views/home.js [36m304 [90m1ms[0m
[90mGET /js/views/iconlist.js [36m304 [90m0ms[0m
[90mGET /js/views/icondetails.js [36m304 [90m0ms[0m
[90mGET /js/views/about.js [36m304 [90m0ms[0m
[90mGET /js/main.js [36m304 [90m0ms[0m
[90mGET /tpl/HomeView.html [36m304 [90m1ms[0m
[90mGET /tpl/HeaderView.html [36m304 [90m0ms[0m
[90mGET /tpl/IconView.html [36m304 [90m0ms[0m
[90mGET /tpl/IconListItemView.html [36m304 [90m1ms[0m
[90mGET /tpl/AboutView.html [36m304 [90m0ms[0m
[90mGET /pics/generic.jpg [36m304 [90m0ms[0m
[90mGET /img/glyphicons-halflings-white.png [36m304 [90m0ms[0m
[90mGET /img/icon.png [32m200 [90m1ms - 551[0m
[90mGET /img/wine.png [36m304 [90m1ms[0m
[90mGET /css/img/bg.jpg [36m304 [90m1ms[0m
[90mGET /icons [32m200 [90m1ms - 402[0m
[90mGET /pics/generic.jpg [36m304 [90m1ms[0m
[90mGET /img/glyphicons-halflings.png [36m304 [90m0ms[0m
[90mGET /robots.txt [33m404 [90m1ms[0m
[90mGET / [32m200 [90m0ms - 2.38kb[0m
[90mGET / [32m200 [90m0ms - 2.38kb[0m
[90mGET /robots.txt [33m404 [90m0ms[0m
[90mGET / [32m200 [90m1ms - 2.38kb[0m
[90mGET /robots.txt [33m404 [90m1ms[0m
[90mGET / [32m200 [90m1ms - 2.38kb[0m
[90mGET /robots.txt [33m404 [90m1ms[0m
[90mGET / [32m200 [90m1ms - 2.38kb[0m
[90mGET / [32m200 [90m1ms - 2.38kb[0m
[90mGET /img/download.png [36m304 [90m0ms[0m
[90mGET /img/discuss.png [36m304 [90m0ms[0m
[90mGET /img/twitter.png [36m304 [90m2ms[0m
[90mGET /img/blog.png [36m304 [90m0ms[0m
[90mGET / [36m304 [90m0ms[0m
[90mGET /css/bootstrap.css [36m304 [90m1ms[0m
[90mGET /css/bootstrap-responsive.css [36m304 [90m0ms[0m
[90mGET /css/styles.css [36m304 [90m0ms[0m
[90mGET /socket.io/socket.io.js [33m404 [90m1ms[0m
[90mGET /lib/jquery-1.8.2.min.js [36m304 [90m0ms[0m
[90mGET /lib/underscore-min.js [36m304 [90m0ms[0m
[90mGET /lib/backbone-min.js [36m304 [90m0ms[0m
[90mGET /js/models/models.js [36m304 [90m1ms[0m
[90mGET /js/utils.js [36m304 [90m1ms[0m
[90mGET /lib/bootstrap.min.js [36m304 [90m1ms[0m
[90mGET /js/views/paginator.js [36m304 [90m1ms[0m
[90mGET /js/views/header.js [36m304 [90m1ms[0m
[90mGET /js/views/home.js [36m304 [90m1ms[0m
[90mGET /js/views/iconlist.js [36m304 [90m0ms[0m
[90mGET /js/views/icondetails.js [36m304 [90m0ms[0m
[90mGET /js/views/about.js [36m304 [90m0ms[0m
[90mGET /js/main.js [36m304 [90m0ms[0m
[90mGET /tpl/HomeView.html [36m304 [90m0ms[0m
[90mGET /tpl/HeaderView.html [36m304 [90m1ms[0m
[90mGET /tpl/IconView.html [36m304 [90m1ms[0m
[90mGET /tpl/IconListItemView.html [36m304 [90m0ms[0m
[90mGET /tpl/AboutView.html [32m200 [90m1ms - 1.28kb[0m
[90mGET /img/download.png [36m304 [90m0ms[0m
[90mGET /img/discuss.png [36m304 [90m0ms[0m
[90mGET /img/twitter.png [36m304 [90m0ms[0m
[90mGET /img/blog.png [36m304 [90m0ms[0m
[90mGET /img/icon.png [36m304 [90m1ms[0m
[90mGET /img/glyphicons-halflings-white.png [36m304 [90m1ms[0m
[90mGET /img/wine.png [36m304 [90m1ms[0m
[90mGET /css/img/bg.jpg [36m304 [90m1ms[0m
[90mGET /icons [32m200 [90m1ms - 402[0m
[90mGET /pics/generic.jpg [36m304 [90m0ms[0m
[90mGET /img/glyphicons-halflings.png [36m304 [90m1ms[0m
[90mGET / [32m200 [90m1ms - 2.42kb[0m
[90mGET /js/views/browse.js [32m200 [90m2ms - 201[0m
[90mGET /css/styles.css [36m304 [90m1ms[0m
[90mGET /socket.io/socket.io.js [33m404 [90m0ms[0m
[90mGET /lib/jquery-1.8.2.min.js [36m304 [90m0ms[0m
[90mGET /lib/underscore-min.js [36m304 [90m1ms[0m
[90mGET /css/bootstrap-responsive.css [36m304 [90m0ms[0m
[90mGET /css/bootstrap.css [36m304 [90m0ms[0m
[90mGET /js/views/icondetails.js [36m304 [90m0ms[0m
[90mGET /lib/backbone-min.js [36m304 [90m0ms[0m
[90mGET /lib/bootstrap.min.js [36m304 [90m0ms[0m
[90mGET /js/utils.js [36m304 [90m1ms[0m
[90mGET /js/models/models.js [36m304 [90m0ms[0m
[90mGET /js/views/home.js [36m304 [90m1ms[0m
[90mGET /js/views/paginator.js [36m304 [90m1ms[0m
[90mGET /js/views/header.js [36m304 [90m0ms[0m
[90mGET /js/views/iconlist.js [36m304 [90m0ms[0m
[90mGET /js/views/about.js [36m304 [90m1ms[0m
[90mGET /js/main.js [32m200 [90m0ms - 1.98kb[0m
[90mGET /tpl/HomeView.html [36m304 [90m1ms[0m
[90mGET /tpl/HeaderView.html [32m200 [90m1ms - 1.62kb[0m
[90mGET /tpl/IconView.html [36m304 [90m1ms[0m
[90mGET /tpl/IconListItemView.html [36m304 [90m1ms[0m
[90mGET /tpl/AboutView.html [36m304 [90m0ms[0m
[90mGET /img/wine.png [36m304 [90m0ms[0m
[90mGET /css/img/bg.jpg [36m304 [90m0ms[0m
[90mGET /img/glyphicons-halflings-white.png [36m304 [90m0ms[0m
[90mGET /img/icon.png [36m304 [90m0ms[0m
[90mGET /icons [32m200 [90m1ms - 402[0m
[90mGET /pics/generic.jpg [36m304 [90m0ms[0m
[90mGET /img/glyphicons-halflings.png [36m304 [90m0ms[0m
[90mGET /icons [32m200 [90m1ms - 402[0m
[90mGET /pics/generic.jpg [36m304 [90m0ms[0m
[90mGET /js/views/browse.js [32m200 [90m2ms - 201[0m
[90mGET /icons [32m200 [90m1ms - 402[0m
[90mGET /pics/generic.jpg [36m304 [90m1ms[0m
[90mGET / [36m304 [90m1ms[0m
[90mGET /css/bootstrap.css [36m304 [90m0ms[0m
[90mGET /css/bootstrap-responsive.css [36m304 [90m0ms[0m
[90mGET /css/styles.css [36m304 [90m1ms[0m
[90mGET /socket.io/socket.io.js [33m404 [90m0ms[0m
[90mGET /lib/jquery-1.8.2.min.js [36m304 [90m0ms[0m
[90mGET /lib/underscore-min.js [36m304 [90m1ms[0m
[90mGET /lib/backbone-min.js [36m304 [90m1ms[0m
[90mGET /js/models/models.js [36m304 [90m0ms[0m
[90mGET /lib/bootstrap.min.js [36m304 [90m0ms[0m
[90mGET /js/utils.js [36m304 [90m1ms[0m
[90mGET /js/views/paginator.js [36m304 [90m1ms[0m
[90mGET /js/views/header.js [36m304 [90m0ms[0m
[90mGET /js/views/home.js [36m304 [90m0ms[0m
[90mGET /js/views/iconlist.js [36m304 [90m0ms[0m
[90mGET /js/views/icondetails.js [36m304 [90m0ms[0m
[90mGET /js/views/about.js [36m304 [90m0ms[0m
[90mGET /js/views/browse.js [32m200 [90m1ms - 203[0m
[90mGET /js/main.js [36m304 [90m1ms[0m
[90mGET /tpl/HomeView.html [36m304 [90m1ms[0m
[90mGET /tpl/HeaderView.html [36m304 [90m1ms[0m
[90mGET /tpl/BrowseView.html [32m200 [90m1ms - 4.26kb[0m
[90mGET /tpl/IconView.html [36m304 [90m0ms[0m
[90mGET /tpl/IconListItemView.html [36m304 [90m0ms[0m
[90mGET /tpl/AboutView.html [36m304 [90m0ms[0m
[90mGET /img/icon.png [36m304 [90m1ms[0m
[90mGET /img/icon.png [36m304 [90m1ms[0m
[90mGET /tpl/BrowseView.html [32m200 [90m2ms - 4.26kb[0m
[90mGET /img/wine.png [36m304 [90m1ms[0m
[90mGET / [36m304 [90m1ms[0m
[90mGET /css/bootstrap.css [36m304 [90m2ms[0m
[90mGET /css/bootstrap-responsive.css [36m304 [90m0ms[0m
[90mGET /css/styles.css [36m304 [90m0ms[0m
[90mGET /socket.io/socket.io.js [33m404 [90m1ms[0m
[90mGET /lib/jquery-1.8.2.min.js [36m304 [90m1ms[0m
[90mGET /lib/underscore-min.js [36m304 [90m1ms[0m
[90mGET /lib/backbone-min.js [36m304 [90m1ms[0m
[90mGET /lib/bootstrap.min.js [36m304 [90m1ms[0m
[90mGET /js/utils.js [36m304 [90m1ms[0m
[90mGET /js/models/models.js [36m304 [90m0ms[0m
[90mGET /js/views/paginator.js [36m304 [90m0ms[0m
[90mGET /js/views/header.js [36m304 [90m1ms[0m
[90mGET /js/views/home.js [36m304 [90m1ms[0m
[90mGET /js/views/iconlist.js [36m304 [90m1ms[0m
[90mGET /js/views/icondetails.js [36m304 [90m0ms[0m
[90mGET /js/views/about.js [36m304 [90m0ms[0m
[90mGET /js/views/browse.js [36m304 [90m0ms[0m
[90mGET /js/main.js [36m304 [90m1ms[0m
[90mGET /tpl/HomeView.html [36m304 [90m0ms[0m
[90mGET /tpl/HeaderView.html [36m304 [90m1ms[0m
[90mGET /tpl/BrowseView.html [32m200 [90m0ms - 4.35kb[0m
[90mGET /tpl/IconView.html [36m304 [90m1ms[0m
[90mGET /tpl/IconListItemView.html [36m304 [90m0ms[0m
[90mGET /tpl/AboutView.html [36m304 [90m0ms[0m
[90mGET /img/glyphicons-halflings-white.png [36m304 [90m1ms[0m
[90mGET /img/glyphicons-halflings.png [36m304 [90m0ms[0m
[90mGET /img/icon.png [36m304 [90m0ms[0m
[90mGET /icons [32m200 [90m2ms - 402[0m
[90mGET /pics/generic.jpg [36m304 [90m1ms[0m
[90mGET /icons [32m200 [90m2ms - 402[0m
[90mGET /pics/generic.jpg [36m304 [90m1ms[0m
[90mGET /icons [32m200 [90m1ms - 402[0m
[90mGET /pics/generic.jpg [36m304 [90m0ms[0m
Retrieving icon: 5094872d67e314e778000001
[90mGET /icons/5094872d67e314e778000001 [32m200 [90m1ms - 204[0m
[90mGET /pics/generic.jpg [36m304 [90m1ms[0m
[90mGET /icons [32m200 [90m2ms - 402[0m
[90mGET /pics/generic.jpg [36m304 [90m0ms[0m
Retrieving icon: 509497924bbf447479000001
[90mGET /icons/509497924bbf447479000001 [32m200 [90m1ms - 160[0m
[90mGET /pics/generic.jpg [36m304 [90m0ms[0m
[90mGET /img/wine.png [36m304 [90m1ms[0m
[90mGET /css/img/bg.jpg [36m304 [90m0ms[0m
[90mGET /icons [32m200 [90m2ms - 402[0m
[90mGET /pics/generic.jpg [36m304 [90m1ms[0m
Retrieving icon: 509497924bbf447479000001
[90mGET /icons/509497924bbf447479000001 [32m200 [90m2ms - 160[0m
[90mGET /pics/generic.jpg [36m304 [90m0ms[0m
Retrieving icon: 509497924bbf447479000001
[90mGET /icons/509497924bbf447479000001 [32m200 [90m2ms - 160[0m
[90mGET / [36m304 [90m0ms[0m
[90mGET /css/bootstrap.css [36m304 [90m0ms[0m
[90mGET /css/bootstrap-responsive.css [36m304 [90m1ms[0m
[90mGET /css/styles.css [36m304 [90m0ms[0m
[90mGET /lib/jquery-1.8.2.min.js [36m304 [90m0ms[0m
[90mGET /lib/underscore-min.js [36m304 [90m0ms[0m
[90mGET /socket.io/socket.io.js [33m404 [90m0ms[0m
[90mGET /lib/backbone-min.js [36m304 [90m0ms[0m
[90mGET /js/models/models.js [36m304 [90m1ms[0m
[90mGET /js/views/paginator.js [36m304 [90m1ms[0m
[90mGET /js/views/header.js [36m304 [90m0ms[0m
[90mGET /lib/bootstrap.min.js [36m304 [90m1ms[0m
[90mGET /js/utils.js [36m304 [90m1ms[0m
[90mGET /js/views/iconlist.js [36m304 [90m0ms[0m
[90mGET /js/views/icondetails.js [36m304 [90m0ms[0m
[90mGET /js/views/about.js [36m304 [90m1ms[0m
[90mGET /js/main.js [36m304 [90m0ms[0m
[90mGET /js/views/browse.js [36m304 [90m0ms[0m
[90mGET /js/views/home.js [36m304 [90m0ms[0m
[90mGET /tpl/HeaderView.html [36m304 [90m1ms[0m
[90mGET /tpl/IconListItemView.html [36m304 [90m1ms[0m
[90mGET /tpl/AboutView.html [36m304 [90m1ms[0m
[90mGET /tpl/HomeView.html [36m304 [90m0ms[0m
[90mGET /tpl/BrowseView.html [36m304 [90m0ms[0m
[90mGET /tpl/IconView.html [36m304 [90m0ms[0m
[90mGET /img/icon.png [36m304 [90m0ms[0m
[90mGET /img/wine.png [36m304 [90m0ms[0m
[90mGET /img/glyphicons-halflings-white.png [36m304 [90m0ms[0m
[90mGET /css/img/bg.jpg [36m304 [90m0ms[0m
[90mGET /img/icon.png [36m304 [90m0ms[0m
[90mGET /icons [32m200 [90m1ms - 402[0m
[90mGET /pics/generic.jpg [36m304 [90m2ms[0m
[90mGET /img/glyphicons-halflings.png [36m304 [90m0ms[0m
[90mGET /pics/generic.jpg [36m304 [90m1ms[0m
Adding icon: {"_id":null,"name":"Knitwear: Julija Bainiaksina","price":"280","stock":0,"description":"From <a href=\"http://www.foxhuntmenswear.com/\">FOX HUNT LONDON</a>","picture":null}
Success: {"_id":"50950cb64bbf447479000002","name":"Knitwear: Julija Bainiaksina","price":"280","stock":0,"description":"From <a href=\"http://www.foxhuntmenswear.com/\">FOX HUNT LONDON</a>","picture":null}
[90mPOST /icons [32m200 [90m3ms - 221[0m
[90mGET /pics/generic.jpg [36m304 [90m0ms[0m
[90mGET /icons [32m200 [90m1ms - 641[0m
[90mGET /pics/generic.jpg [36m304 [90m1ms[0m
Retrieving icon: 50950cb64bbf447479000002
[90mGET /icons/50950cb64bbf447479000002 [32m200 [90m1ms - 221[0m
[90mGET /pics/generic.jpg [36m304 [90m2ms[0m
Updating icon: 50950cb64bbf447479000002
{"name":"Knitwear: Julija Bainiaksina","price":"280","stock":0,"description":"By Fox Hunt London","picture":null}
1 document(s) updated
[90mPUT /icons/50950cb64bbf447479000002 [32m200 [90m2ms - 134[0m
[90mGET /pics/generic.jpg [36m304 [90m0ms[0m
Retrieving icon: 50950cb64bbf447479000002
[90mGET /icons/50950cb64bbf447479000002 [32m200 [90m2ms - 171[0m
Updating icon: 50950cb64bbf447479000002
{"name":"Fox Hunt London","price":"280","stock":0,"description":"Knitwear by Julija Bainiaksina","picture":null}
1 document(s) updated
[90mPUT /icons/50950cb64bbf447479000002 [32m200 [90m1ms - 133[0m
[90mGET /pics/generic.jpg [36m304 [90m1ms[0m
[90mGET /icons [32m200 [90m2ms - 590[0m
[90mGET /pics/generic.jpg [36m304 [90m1ms[0m
[90mGET / [32m200 [90m1ms - 2.42kb[0m
[90mGET /css/bootstrap-responsive.css [32m200 [90m0ms - 20.51kb[0m
[90mGET /socket.io/socket.io.js [33m404 [90m1ms[0m
[90mGET /img/icon.png [32m200 [90m2ms - 551[0m
[90mGET /css/styles.css [32m200 [90m2ms - 1.93kb[0m
[90mGET /lib/underscore-min.js [32m200 [90m1ms - 13.12kb[0m
[90mGET /css/bootstrap.css [32m200 [90m35ms - 115.36kb[0m
[90mGET /lib/backbone-min.js [32m200 [90m1ms - 16.08kb[0m
[90mGET /lib/jquery-1.8.2.min.js [32m200 [90m39ms - 91.25kb[0m
[90mGET /lib/bootstrap.min.js [32m200 [90m2ms - 25.09kb[0m
[90mGET /js/utils.js [32m200 [90m1ms - 1.61kb[0m
[90mGET /js/models/models.js [32m200 [90m0ms - 1.58kb[0m
[90mGET /js/views/paginator.js [32m200 [90m1ms - 633[0m
[90mGET /js/views/about.js [32m200 [90m2ms - 201[0m
[90mGET /js/views/icondetails.js [32m200 [90m2ms - 2.55kb[0m
[90mGET /js/views/header.js [32m200 [90m2ms - 382[0m
[90mGET /js/views/iconlist.js [32m200 [90m2ms - 993[0m
[90mGET /js/views/home.js [32m200 [90m3ms - 200[0m
[90mGET /js/views/browse.js [32m200 [90m0ms - 203[0m
[90mGET /js/main.js [32m200 [90m2ms - 1.98kb[0m
[90mGET /socket.io/socket.io.js [33m404 [90m0ms[0m
[90mGET /tpl/HomeView.html [32m200 [90m0ms - 1.11kb[0m
[90mGET /tpl/BrowseView.html [32m200 [90m2ms - 4.35kb[0m
[90mGET /tpl/HeaderView.html [32m200 [90m2ms - 1.62kb[0m
[90mGET /tpl/IconView.html [32m200 [90m3ms - 3kb[0m
[90mGET /tpl/AboutView.html [32m200 [90m2ms - 1.28kb[0m
[90mGET /tpl/IconListItemView.html [32m200 [90m2ms - 326[0m
[90mGET /img/glyphicons-halflings-white.png [32m200 [90m1ms - 8.57kb[0m
[90mGET /img/wine.png [32m200 [90m1ms - 587[0m
[90mGET /css/img/bg.jpg [32m200 [90m60ms - 133.26kb[0m
[90mGET /pics/generic.jpg [32m200 [90m1ms - 24.29kb[0m
[90mGET /img/icon.png [36m304 [90m0ms[0m
[90mGET /icons [32m200 [90m2ms - 590[0m
[90mGET /img/icon.png [36m304 [90m1ms[0m
[90mGET /img/glyphicons-halflings.png [32m200 [90m1ms - 12.5kb[0m
[90mGET /img/icon.png [36m304 [90m1ms[0m
[90mGET /img/icon.png [36m304 [90m0ms[0m
[90mGET /img/icon.png [36m304 [90m0ms[0m
[90mGET /icons [32m200 [90m1ms - 590[0m
[90mGET /img/icon.png [36m304 [90m1ms[0m
[90mGET /pics/generic.jpg [36m304 [90m1ms[0m
[90mGET /img/icon.png [36m304 [90m0ms[0m
[90mGET /img/icon.png [36m304 [90m1ms[0m
[90mGET /img/icon.png [36m304 [90m1ms[0m
[90mGET /img/icon.png [36m304 [90m0ms[0m
[90mGET /icons [32m200 [90m2ms - 590[0m
[90mGET /icons [32m200 [90m1ms - 590[0m
[90mGET /img/icon.png [36m304 [90m1ms[0m
[90mGET /img/icon.png [36m304 [90m1ms[0m
[90mGET /img/icon.png [36m304 [90m1ms[0m
Retrieving icon: 50950cb64bbf447479000002
[90mGET /icons/50950cb64bbf447479000002 [32m200 [90m1ms - 170[0m
[90mGET /pics/generic.jpg [36m304 [90m0ms[0m
[90mGET /img/icon.png [36m304 [90m1ms[0m
[90mGET /img/icon.png [36m304 [90m1ms[0m
[90mGET /icons [32m200 [90m2ms - 590[0m
[90mGET /img/icon.png [36m304 [90m1ms[0m
[90mGET /pics/generic.jpg [36m304 [90m1ms[0m
[90mGET /img/icon.png [36m304 [90m0ms[0m
[90mGET /icons [32m200 [90m2ms - 590[0m
[90mGET /img/icon.png [36m304 [90m0ms[0m
[90mGET /img/icon.png [36m304 [90m1ms[0m
[90mGET /icons [32m200 [90m1ms - 590[0m
[90mGET /img/icon.png [36m304 [90m0ms[0m
[90mGET /pics/generic.jpg [36m304 [90m1ms[0m
[90mGET /img/icon.png [36m304 [90m1ms[0m
[90mGET /img/icon.png [36m304 [90m1ms[0m
[90mGET /icons [32m200 [90m3ms - 590[0m
[90mGET /img/icon.png [36m304 [90m0ms[0m
[90mGET /img/icon.png [36m304 [90m1ms[0m
[90mGET /img/icon.png [36m304 [90m0ms[0m
[90mGET /icons [32m200 [90m2ms - 590[0m
[90mGET /img/icon.png [36m304 [90m1ms[0m
[90mGET /img/icon.png [36m304 [90m1ms[0m
[90mGET /icons [32m200 [90m2ms - 590[0m
[90mGET /img/icon.png [36m304 [90m0ms[0m
[90mGET /img/icon.png [36m304 [90m1ms[0m
[90mGET /img/icon.png [36m304 [90m0ms[0m
[90mGET /img/icon.png [36m304 [90m1ms[0m
[90mGET /icons [32m200 [90m1ms - 590[0m
[90mGET /img/icon.png [36m304 [90m5ms[0m
[90mGET /img/icon.png [36m304 [90m1ms[0m
[90mGET /img/icon.png [36m304 [90m1ms[0m
[90mGET /img/icon.png [36m304 [90m0ms[0m
[90mGET /icons [32m200 [90m2ms - 590[0m
[90mGET /img/icon.png [36m304 [90m0ms[0m
[90mGET /img/icon.png [36m304 [90m1ms[0m
[90mGET /img/icon.png [36m304 [90m0ms[0m
[90mGET /icons [32m200 [90m2ms - 590[0m
[90mGET /img/icon.png [36m304 [90m1ms[0m
[90mGET /img/icon.png [36m304 [90m1ms[0m
[90mGET /img/icon.png [36m304 [90m1ms[0m
[90mGET /img/icon.png [36m304 [90m1ms[0m
[90mGET /img/icon.png [36m304 [90m1ms[0m
[90mGET /img/icon.png [36m304 [90m1ms[0m
[90mGET /icons [32m200 [90m2ms - 590[0m
[90mGET /img/icon.png [36m304 [90m1ms[0m
[90mGET /img/icon.png [36m304 [90m0ms[0m
[90mGET /img/icon.png [36m304 [90m0ms[0m
[90mGET /img/icon.png [36m304 [90m0ms[0m
[90mGET / [36m304 [90m0ms[0m
[90mGET /css/bootstrap.css [36m304 [90m0ms[0m
[90mGET /lib/jquery-1.8.2.min.js [36m304 [90m1ms[0m
[90mGET /css/bootstrap-responsive.css [36m304 [90m1ms[0m
[90mGET /socket.io/socket.io.js [33m404 [90m2ms[0m
[90mGET /lib/underscore-min.js [36m304 [90m2ms[0m
[90mGET /css/styles.css [36m304 [90m1ms[0m
[90mGET /lib/backbone-min.js [36m304 [90m1ms[0m
[90mGET /lib/bootstrap.min.js [36m304 [90m0ms[0m
[90mGET /js/models/models.js [36m304 [90m2ms[0m
[90mGET /js/utils.js [36m304 [90m1ms[0m
[90mGET /js/views/paginator.js [36m304 [90m1ms[0m
[90mGET /js/views/home.js [36m304 [90m0ms[0m
[90mGET /js/views/header.js [36m304 [90m1ms[0m
[90mGET /js/views/iconlist.js [36m304 [90m0ms[0m
[90mGET /js/views/about.js [36m304 [90m1ms[0m
[90mGET /js/views/browse.js [36m304 [90m1ms[0m
[90mGET /js/views/icondetails.js [36m304 [90m0ms[0m
[90mGET /img/icon.png [36m304 [90m0ms[0m
[90mGET /js/main.js [36m304 [90m0ms[0m
[90mGET /socket.io/socket.io.js [33m404 [90m1ms[0m
[90mGET /tpl/BrowseView.html [36m304 [90m2ms[0m
[90mGET /tpl/IconView.html [36m304 [90m1ms[0m
[90mGET /tpl/HomeView.html [36m304 [90m1ms[0m
[90mGET /tpl/HeaderView.html [36m304 [90m1ms[0m
[90mGET /tpl/AboutView.html [36m304 [90m0ms[0m
[90mGET /tpl/IconListItemView.html [36m304 [90m1ms[0m
[90mGET /img/glyphicons-halflings-white.png [36m304 [90m1ms[0m
[90mGET /css/img/bg.jpg [36m304 [90m0ms[0m
[90mGET /img/wine.png [36m304 [90m1ms[0m
[90mGET /img/icon.png [36m304 [90m1ms[0m
[90mGET /img/glyphicons-halflings.png [36m304 [90m1ms[0m
[90mGET /img/icon.png [36m304 [90m2ms[0m
[90mGET /img/icon.png [36m304 [90m1ms[0m
[90mGET /icons [32m200 [90m2ms - 590[0m
[90mGET /img/icon.png [36m304 [90m0ms[0m
[90mGET /pics/generic.jpg [36m304 [90m1ms[0m
[90mGET /img/icon.png [36m304 [90m1ms[0m
[90mGET /img/icon.png [36m304 [90m1ms[0m
[90mGET /img/icon.png [36m304 [90m1ms[0m
[90mGET /icons [32m200 [90m1ms - 590[0m
[90mGET /img/icon.png [36m304 [90m0ms[0m
[90mGET /pics/generic.jpg [36m304 [90m0ms[0m
[90mGET / [32m200 [90m1ms - 2.42kb[0m
[90mGET /img/icon.png [36m304 [90m0ms[0m
[90mGET /img/icon.png [36m304 [90m1ms[0m
[90mGET /icons [32m200 [90m2ms - 590[0m
[90mGET /pics/generic.jpg [36m304 [90m1ms[0m
Retrieving icon: 50950cb64bbf447479000002
[90mGET /icons/50950cb64bbf447479000002 [32m200 [90m1ms - 170[0m
[90mGET /pics/generic.jpg [36m304 [90m1ms[0m
[90mGET /img/icon.png [36m304 [90m0ms[0m
[90mGET /img/icon.png [36m304 [90m1ms[0m
[90mGET /icons [32m200 [90m2ms - 590[0m
[90mGET /img/icon.png [36m304 [90m1ms[0m
[90mGET /pics/generic.jpg [36m304 [90m1ms[0m
[90mGET /img/icon.png [36m304 [90m1ms[0m
[90mGET /img/icon.png [36m304 [90m0ms[0m
[90mGET / [36m304 [90m1ms[0m
[90mGET /css/bootstrap.css [36m304 [90m0ms[0m
[90mGET /css/bootstrap-responsive.css [36m304 [90m0ms[0m
[90mGET /css/styles.css [36m304 [90m1ms[0m
[90mGET /lib/backbone-min.js [36m304 [90m1ms[0m
[90mGET /socket.io/socket.io.js [33m404 [90m1ms[0m
[90mGET /lib/bootstrap.min.js [36m304 [90m1ms[0m
[90mGET /lib/jquery-1.8.2.min.js [36m304 [90m1ms[0m
[90mGET /js/views/header.js [36m304 [90m1ms[0m
[90mGET /js/views/home.js [36m304 [90m0ms[0m
[90mGET /js/models/models.js [36m304 [90m0ms[0m
[90mGET /js/views/paginator.js [36m304 [90m0ms[0m
[90mGET /js/views/iconlist.js [36m304 [90m0ms[0m
[90mGET / [32m206 [90m3ms - 2.42kb[0m
[90mGET /js/views/icondetails.js [36m304 [90m0ms[0m
[90mGET /js/views/about.js [36m304 [90m0ms[0m
[90mGET /js/main.js [36m304 [90m0ms[0m
[90mGET /js/views/browse.js [36m304 [90m1ms[0m
[90mGET /js/utils.js [36m304 [90m1ms[0m
[90mGET /lib/underscore-min.js [36m304 [90m0ms[0m
[90mGET /tpl/HeaderView.html [36m304 [90m0ms[0m
[90mGET /tpl/HomeView.html [36m304 [90m0ms[0m
[90mGET /tpl/BrowseView.html [36m304 [90m0ms[0m
[90mGET /tpl/IconView.html [36m304 [90m0ms[0m
[90mGET /tpl/IconListItemView.html [36m304 [90m0ms[0m
[90mGET /tpl/AboutView.html [36m304 [90m0ms[0m
[90mGET /img/wine.png [36m304 [90m0ms[0m
[90mGET /img/glyphicons-halflings-white.png [36m304 [90m0ms[0m
[90mGET /css/img/bg.jpg [36m304 [90m0ms[0m
[90mGET /icons [32m200 [90m2ms - 590[0m
[90mGET /pics/generic.jpg [36m304 [90m0ms[0m
[90mGET /img/glyphicons-halflings.png [36m304 [90m0ms[0m
Retrieving icon: 50950cb64bbf447479000002
[90mGET /icons/50950cb64bbf447479000002 [32m200 [90m1ms - 170[0m
[90mGET /pics/generic.jpg [36m304 [90m0ms[0m
[90mGET /icons [32m200 [90m1ms - 590[0m
[90mGET /pics/generic.jpg [36m304 [90m1ms[0m
Retrieving icon: 509497924bbf447479000001
[90mGET /icons/509497924bbf447479000001 [32m200 [90m1ms - 160[0m
[90mGET /pics/generic.jpg [36m304 [90m1ms[0m
[90mGET /icons [32m200 [90m1ms - 590[0m
[90mGET /pics/generic.jpg [36m304 [90m1ms[0m
[90mGET / [32m200 [90m1ms - 2.42kb[0m
[90mGET /css/styles.css [32m200 [90m3ms - 1.93kb[0m
[90mGET /socket.io/socket.io.js [33m404 [90m1ms[0m
[90mGET /css/bootstrap-responsive.css [32m200 [90m515ms - 20.51kb[0m
[90mGET /css/bootstrap.css [32m200 [90m2158ms - 115.36kb[0m
[90mGET /js/views/icondetails.js [32m200 [90m1ms - 2.55kb[0m
[90mGET /js/views/home.js [32m200 [90m0ms - 200[0m
[90mGET /js/utils.js [32m200 [90m0ms - 1.61kb[0m
[90mGET /js/views/paginator.js [32m200 [90m1ms - 633[0m
[90mGET /js/models/models.js [32m200 [90m1ms - 1.58kb[0m
[90mGET /js/views/header.js [32m200 [90m0ms - 382[0m
[90mGET /js/views/iconlist.js [32m200 [90m1ms - 993[0m
[90mGET /lib/backbone-min.js [32m200 [90m537ms - 16.08kb[0m
[90mGET /lib/bootstrap.min.js [32m200 [90m534ms - 25.09kb[0m
[90mGET /js/views/browse.js [32m200 [90m3ms - 203[0m
[90mGET /js/main.js [32m200 [90m3ms - 1.98kb[0m
[90mGET /js/views/about.js [32m200 [90m2ms - 201[0m
[90mGET /lib/underscore-min.js [32m200 [90m3ms - 13.12kb[0m
[90mGET /lib/jquery-1.8.2.min.js [32m200 [90m1610ms - 91.25kb[0m
[90mGET /tpl/HeaderView.html [32m200 [90m1ms - 1.62kb[0m
[90mGET /tpl/BrowseView.html [32m200 [90m1ms - 4.35kb[0m
[90mGET /tpl/IconView.html [32m200 [90m1ms - 3kb[0m
[90mGET /tpl/IconListItemView.html [32m200 [90m0ms - 326[0m
[90mGET /tpl/AboutView.html [32m200 [90m1ms - 1.28kb[0m
[90mGET /img/icon.png [32m200 [90m1ms - 551[0m
[90mGET /tpl/HomeView.html [32m200 [90m3ms - 1.11kb[0m
[90mGET /img/wine.png [32m200 [90m1ms - 587[0m
[90mGET /img/glyphicons-halflings.png [32m200 [90m1ms - 12.5kb[0m
[90mGET /img/glyphicons-halflings-white.png [32m200 [90m1ms - 8.57kb[0m
[90mGET /robots.txt [33m404 [90m1ms[0m
[90mGET / [32m200 [90m1ms - 2.42kb[0m
[90mGET /css/img/bg.jpg [32m200 [90m1687ms - 133.26kb[0m
[90mGET /socket.io/socket.io.js [33m404 [90m1ms[0m
[90mGET /lib/underscore-min.js [32m200 [90m2ms - 13.12kb[0m
[90mGET /lib/jquery-1.8.2.min.js [32m200 [90m10ms - 91.25kb[0m
[90mGET /lib/backbone-min.js [32m200 [90m2ms - 16.08kb[0m
[90mGET /lib/bootstrap.min.js [32m200 [90m1ms - 25.09kb[0m
[90mGET /js/utils.js [32m200 [90m1ms - 1.61kb[0m
[90mGET /js/models/models.js [32m200 [90m1ms - 1.58kb[0m
[90mGET /js/views/paginator.js [32m200 [90m2ms - 633[0m
[90mGET /js/views/home.js [32m200 [90m2ms - 200[0m
[90mGET /js/views/iconlist.js [32m200 [90m1ms - 993[0m
[90mGET /js/views/about.js [32m200 [90m1ms - 201[0m
[90mGET /js/views/icondetails.js [32m200 [90m1ms - 2.55kb[0m
[90mGET /js/views/browse.js [32m200 [90m1ms - 203[0m
[90mGET /robots.txt [33m404 [90m1ms[0m
[90mGET /socket.io/socket.io.js [33m404 [90m1ms[0m
[90mGET /icons [32m200 [90m1ms - 590[0m
[90mGET /pics/generic.jpg [32m200 [90m559ms - 24.29kb[0m
[90mGET /robots.txt [33m404 [90m1ms[0m
[90mGET /js/views/paginator.js [32m200 [90m1ms - 633[0m
[90mGET /lib/bootstrap.min.js [32m200 [90m1ms - 25.09kb[0m
[90mGET /js/views/header.js [32m200 [90m1ms - 382[0m
[90mGET /robots.txt [33m404 [90m1ms[0m
[90mGET /js/views/icondetails.js [32m200 [90m1ms - 2.55kb[0m
[90mGET /js/views/iconlist.js [32m200 [90m5ms - 993[0m
[90mGET /js/models/models.js [32m200 [90m3ms - 1.58kb[0m
[90mGET /js/utils.js [32m200 [90m1ms - 1.61kb[0m
[90mGET /robots.txt [33m404 [90m1ms[0m
[90mGET /lib/underscore-min.js [32m200 [90m1ms - 13.12kb[0m
[90mGET /js/views/browse.js [32m200 [90m0ms - 203[0m
[90mGET /js/views/about.js [32m200 [90m1ms - 201[0m
[90mGET /lib/jquery-1.8.2.min.js [32m200 [90m18ms - 91.25kb[0m
Retrieving icon: 5094872d67e314e778000001
[90mGET /icons/5094872d67e314e778000001 [32m200 [90m1ms - 204[0m
[90mGET /pics/generic.jpg [36m304 [90m0ms[0m
[90mGET /tpl/IconView.html [32m200 [90m1ms - 3kb[0m
[90mGET /tpl/AboutView.html [32m200 [90m1ms - 1.28kb[0m
[90mGET /tpl/BrowseView.html [32m200 [90m1ms - 4.35kb[0m
[90mGET /tpl/IconListItemView.html [32m200 [90m1ms - 326[0m
[90mGET /tpl/HeaderView.html [32m200 [90m1ms - 1.62kb[0m
[90mGET /robots.txt [33m404 [90m1ms[0m
[90mGET /tpl/HomeView.html [32m200 [90m1ms - 1.11kb[0m
[90mGET /robots.txt [33m404 [90m4ms[0m
[90mGET /icons [32m200 [90m12ms - 590[0m
Retrieving icon: 5094872d67e314e778000001
[90mGET /icons/5094872d67e314e778000001 [32m200 [90m5ms - 204[0m
[90mGET /icons [32m200 [90m2ms - 590[0m
[90mGET /pics/generic.jpg [36m304 [90m1ms[0m
Retrieving icon: 509497924bbf447479000001
[90mGET /icons/509497924bbf447479000001 [32m200 [90m1ms - 160[0m
[90mGET /pics/generic.jpg [36m304 [90m1ms[0m
[90mGET / [36m304 [90m1ms[0m
[90mGET /css/bootstrap.css [36m304 [90m1ms[0m
[90mGET /css/bootstrap-responsive.css [36m304 [90m0ms[0m
[90mGET /css/styles.css [36m304 [90m1ms[0m
[90mGET /socket.io/socket.io.js [33m404 [90m0ms[0m
[90mGET /lib/jquery-1.8.2.min.js [36m304 [90m1ms[0m
[90mGET /lib/underscore-min.js [36m304 [90m0ms[0m
[90mGET /lib/backbone-min.js [36m304 [90m1ms[0m
[90mGET /lib/bootstrap.min.js [36m304 [90m0ms[0m
[90mGET /js/utils.js [36m304 [90m0ms[0m
[90mGET /js/models/models.js [36m304 [90m1ms[0m
[90mGET /js/views/paginator.js [36m304 [90m0ms[0m
[90mGET /js/views/header.js [36m304 [90m0ms[0m
[90mGET /js/views/home.js [36m304 [90m0ms[0m
[90mGET /js/views/iconlist.js [36m304 [90m0ms[0m
[90mGET /js/views/icondetails.js [36m304 [90m1ms[0m
[90mGET /js/views/about.js [36m304 [90m0ms[0m
[90mGET /js/views/browse.js [36m304 [90m1ms[0m
[90mGET /js/main.js [36m304 [90m0ms[0m
[90mGET /tpl/HomeView.html [36m304 [90m1ms[0m
[90mGET /tpl/HeaderView.html [36m304 [90m0ms[0m
[90mGET /tpl/BrowseView.html [36m304 [90m0ms[0m
[90mGET /tpl/IconView.html [32m200 [90m3ms - 3.32kb[0m
[90mGET /tpl/IconListItemView.html [36m304 [90m0ms[0m
[90mGET /tpl/AboutView.html [36m304 [90m0ms[0m
Retrieving icon: 509497924bbf447479000001
[90mGET /icons/509497924bbf447479000001 [32m200 [90m1ms - 160[0m
[90mGET /img/glyphicons-halflings-white.png [36m304 [90m1ms[0m
[90mGET /img/icon.png [36m304 [90m0ms[0m
[90mGET /icons [32m200 [90m1ms - 590[0m
[90mGET /pics/generic.jpg [36m304 [90m1ms[0m
[90mGET /img/glyphicons-halflings.png [36m304 [90m1ms[0m
Retrieving icon: 509497924bbf447479000001
[90mGET /icons/509497924bbf447479000001 [32m200 [90m2ms - 160[0m
Retrieving icon: 5094872d67e314e778000001
[90mGET /icons/5094872d67e314e778000001 [32m200 [90m1ms - 204[0m
Retrieving icon: 509497924bbf447479000001
[90mGET /icons/509497924bbf447479000001 [32m200 [90m1ms - 160[0m
[90mGET /icons [32m200 [90m1ms - 590[0m
[90mGET /pics/generic.jpg [36m304 [90m1ms[0m
Retrieving icon: 509497924bbf447479000001
[90mGET /icons/509497924bbf447479000001 [32m200 [90m2ms - 160[0m
[90mGET /icons [32m200 [90m1ms - 590[0m
[90mGET /pics/generic.jpg [36m304 [90m2ms[0m
[90mGET /icons [32m200 [90m1ms - 590[0m
[90mGET /pics/generic.jpg [36m304 [90m1ms[0m
[90mGET /img/wine.png [36m304 [90m0ms[0m
[90mGET /css/img/bg.jpg [36m304 [90m0ms[0m
[90mGET / [36m304 [90m1ms[0m
[90mGET /css/bootstrap.css [36m304 [90m1ms[0m
[90mGET /css/bootstrap-responsive.css [36m304 [90m0ms[0m
[90mGET /css/styles.css [36m304 [90m0ms[0m
[90mGET /socket.io/socket.io.js [33m404 [90m0ms[0m
[90mGET /lib/jquery-1.8.2.min.js [36m304 [90m0ms[0m
[90mGET /lib/underscore-min.js [36m304 [90m0ms[0m
[90mGET /lib/backbone-min.js [36m304 [90m0ms[0m
[90mGET /lib/bootstrap.min.js [36m304 [90m0ms[0m
[90mGET /js/utils.js [36m304 [90m1ms[0m
[90mGET /js/models/models.js [32m200 [90m1ms - 1.6kb[0m
[90mGET /js/views/paginator.js [36m304 [90m1ms[0m
[90mGET /js/views/header.js [36m304 [90m1ms[0m
[90mGET /js/views/home.js [36m304 [90m0ms[0m
[90mGET /js/views/iconlist.js [36m304 [90m0ms[0m
[90mGET /js/views/icondetails.js [32m200 [90m1ms - 2.59kb[0m
[90mGET /js/views/about.js [36m304 [90m1ms[0m
[90mGET /js/views/browse.js [36m304 [90m0ms[0m
[90mGET /js/main.js [36m304 [90m1ms[0m
[90mGET /tpl/HomeView.html [36m304 [90m1ms[0m
[90mGET /tpl/HeaderView.html [36m304 [90m1ms[0m
[90mGET /tpl/BrowseView.html [36m304 [90m1ms[0m
[90mGET /tpl/IconView.html [36m304 [90m1ms[0m
[90mGET /tpl/IconListItemView.html [36m304 [90m0ms[0m
[90mGET /tpl/AboutView.html [36m304 [90m1ms[0m
[90mGET /img/wine.png [36m304 [90m0ms[0m
[90mGET /img/glyphicons-halflings-white.png [36m304 [90m0ms[0m
[90mGET /css/img/bg.jpg [36m304 [90m0ms[0m
[90mGET /img/icon.png [36m304 [90m1ms[0m
[90mGET /img/glyphicons-halflings.png [36m304 [90m1ms[0m
[90mGET /icons [32m200 [90m1ms - 590[0m
[90mGET /pics/generic.jpg [36m304 [90m0ms[0m
Retrieving icon: 5094872d67e314e778000001
[90mGET /icons/5094872d67e314e778000001 [32m200 [90m2ms - 204[0m
[90mGET /pics/generic.jpg [36m304 [90m1ms[0m
[90mGET /icons [32m200 [90m2ms - 590[0m
[90mGET /pics/generic.jpg [36m304 [90m2ms[0m
Retrieving icon: 50950cb64bbf447479000002
[90mGET /icons/50950cb64bbf447479000002 [32m200 [90m1ms - 170[0m
[90mGET /pics/generic.jpg [36m304 [90m1ms[0m
[90mGET /w00tw00t.at.ISC.SANS.DFind:) [33m404 [90m0ms[0m
Updating icon: 50950cb64bbf447479000002
{"name":"Fox Hunt London","price":"280","stock":0,"description":"Knitwear by Julija Bainiaksina","link":"http://www.foxhuntmenswear.com/","picture":null}
1 document(s) updated
[90mPUT /icons/50950cb64bbf447479000002 [32m200 [90m3ms - 178[0m
[90mGET /pics/generic.jpg [36m304 [90m1ms[0m
[90mGET /icons [32m200 [90m1ms - 637[0m
[90mGET /pics/generic.jpg [36m304 [90m1ms[0m
Retrieving icon: 50950cb64bbf447479000002
[90mGET /icons/50950cb64bbf447479000002 [32m200 [90m1ms - 215[0m
[90mGET /pics/generic.jpg [36m304 [90m1ms[0m
[90mGET /icons [32m200 [90m1ms - 637[0m
[90mGET /pics/generic.jpg [36m304 [90m0ms[0m
[90mGET /icons [32m200 [90m1ms - 637[0m
[90mGET /pics/generic.jpg [36m304 [90m0ms[0m
[90mGET /icons [32m200 [90m1ms - 637[0m
[90mGET /pics/generic.jpg [36m304 [90m2ms[0m
[90mGET /pics/generic.jpg [36m304 [90m1ms[0m
[90mGET http://www.yazoodle.net/azenv.php [33m404 [90m1ms[0m
[90mGET /icons [32m200 [90m1ms - 637[0m
[90mGET /pics/generic.jpg [36m304 [90m0ms[0m
Retrieving icon: 5094872d67e314e778000001
[90mGET /icons/5094872d67e314e778000001 [32m200 [90m1ms - 204[0m
[90mGET /pics/generic.jpg [36m304 [90m1ms[0m
[90mGET /icons [32m200 [90m1ms - 637[0m
[90mGET /pics/generic.jpg [36m304 [90m0ms[0m
[90mGET /img/download.png [36m304 [90m1ms[0m
[90mGET /img/discuss.png [36m304 [90m2ms[0m
[90mGET /img/twitter.png [36m304 [90m0ms[0m
[90mGET /img/blog.png [36m304 [90m0ms[0m
[90mGET /icons [32m200 [90m2ms - 637[0m
[90mGET /pics/generic.jpg [36m304 [90m0ms[0m
[90mGET /pics/generic.jpg [36m304 [90m1ms[0m
[90mGET / [32m200 [90m1ms - 2.42kb[0m
[90mGET / [32m200 [90m1ms - 2.42kb[0m
[90mGET / [32m200 [90m1ms - 2.42kb[0m
[90mGET /robots.txt [33m404 [90m1ms[0m
[90mGET / [32m200 [90m1ms - 2.42kb[0m
[90mGET / [32m200 [90m1ms - 2.42kb[0m
[90mGET / [32m200 [90m1ms - 2.42kb[0m
[90mGET /css/bootstrap-responsive.css [32m200 [90m1ms - 20.51kb[0m
[90mGET /css/styles.css [32m200 [90m1ms - 1.93kb[0m
[90mGET /socket.io/socket.io.js [33m404 [90m0ms[0m
[90mGET /lib/underscore-min.js [32m200 [90m0ms - 13.12kb[0m
[90mGET /lib/backbone-min.js [32m200 [90m1ms - 16.08kb[0m
[90mGET /lib/jquery-1.8.2.min.js [32m200 [90m28ms - 91.25kb[0m
[90mGET /lib/bootstrap.min.js [32m200 [90m0ms - 25.09kb[0m
[90mGET /js/utils.js [32m200 [90m1ms - 1.61kb[0m
[90mGET /css/bootstrap.css [32m200 [90m106ms - 115.36kb[0m
[90mGET /js/models/models.js [32m200 [90m1ms - 1.6kb[0m
[90mGET /js/views/paginator.js [32m200 [90m0ms - 633[0m
[90mGET /js/views/header.js [32m200 [90m1ms - 382[0m
[90mGET /js/views/home.js [32m200 [90m1ms - 200[0m
[90mGET /js/views/iconlist.js [32m200 [90m0ms - 993[0m
[90mGET /js/views/icondetails.js [32m200 [90m1ms - 2.59kb[0m
[90mGET /js/views/browse.js [32m200 [90m0ms - 203[0m
[90mGET /js/main.js [32m200 [90m0ms - 1.98kb[0m
[90mGET /js/views/about.js [32m200 [90m1ms - 201[0m
[90mGET /tpl/HomeView.html [32m200 [90m0ms - 1.11kb[0m
[90mGET /tpl/HeaderView.html [32m200 [90m0ms - 1.62kb[0m
[90mGET /tpl/BrowseView.html [32m200 [90m0ms - 4.35kb[0m
[90mGET /tpl/IconView.html [32m200 [90m1ms - 3.32kb[0m
[90mGET /tpl/IconListItemView.html [32m200 [90m0ms - 326[0m
[90mGET /tpl/AboutView.html [32m200 [90m1ms - 1.28kb[0m
[90mGET /img/wine.png [32m200 [90m1ms - 587[0m
[90mGET /img/glyphicons-halflings-white.png [32m200 [90m1ms - 8.57kb[0m
[90mGET /css/img/bg.jpg [32m200 [90m81ms - 133.26kb[0m
[90mGET /img/icon.png [32m200 [90m1ms - 551[0m
[90mGET /img/glyphicons-halflings.png [32m200 [90m1ms - 12.5kb[0m
[90mGET /icons [32m200 [90m2ms - 637[0m
[90mGET /pics/generic.jpg [32m200 [90m1ms - 24.29kb[0m
[90mGET / [32m200 [90m1ms - 2.42kb[0m
[90mGET /robots.txt [33m404 [90m1ms[0m
[90mGET / [32m200 [90m1ms - 2.42kb[0m
[90mGET / [32m200 [90m2ms - 2.42kb[0m
[90mGET / [32m200 [90m1ms - 2.42kb[0m
[90mGET / [32m200 [90m0ms - 2.42kb[0m
[90mGET / [32m200 [90m1ms - 2.42kb[0m
[90mGET /cambridge [33m404 [90m0ms[0m
[90mGET / [32m200 [90m1ms - 2.42kb[0m
[90mGET /robots.txt [33m404 [90m0ms[0m
[90mGET / [32m200 [90m1ms - 2.42kb[0m
[90mGET / [32m200 [90m1ms - 2.42kb[0m
[90mGET /robots.txt [33m404 [90m0ms[0m
[90mGET /sponsors/22 [33m404 [90m1ms[0m
[90mGET / [32m200 [90m1ms - 2.42kb[0m
[90mGET / [32m200 [90m20ms - 2.42kb[0m
[90mGET / [32m200 [90m1ms - 2.42kb[0m
[90mGET http://www.yazoodle.net/azenv.php [33m404 [90m1ms[0m
[90mGET / [32m200 [90m2ms - 2.42kb[0m
[90mGET / [32m200 [90m1ms - 2.42kb[0m
[90mGET http://www.yazoodle.net/azenv.php [33m404 [90m1ms[0m
[90mGET / [32m200 [90m1ms - 2.42kb[0m
[90mGET / [32m200 [90m1ms - 2.42kb[0m
[90mGET / [32m200 [90m1ms - 2.42kb[0m
[90mGET / [32m200 [90m1ms - 2.42kb[0m
[90mGET /robots.txt [33m404 [90m0ms[0m
[90mGET / [32m200 [90m1ms - 2.42kb[0m
[90mGET /css/bootstrap-responsive.css [32m200 [90m1ms - 20.51kb[0m
[90mGET /css/styles.css [32m200 [90m0ms - 1.93kb[0m
[90mGET /css/bootstrap.css [32m200 [90m61ms - 115.36kb[0m
[90mGET /socket.io/socket.io.js [33m404 [90m0ms[0m
[90mGET /lib/underscore-min.js [32m200 [90m2ms - 13.12kb[0m
[90mGET /js/models/models.js [32m200 [90m0ms - 1.6kb[0m
[90mGET /js/views/paginator.js [32m200 [90m2ms - 633[0m
[90mGET /js/views/header.js [32m200 [90m2ms - 382[0m
[90mGET /js/utils.js [32m200 [90m1ms - 1.61kb[0m
[90mGET /js/views/icondetails.js [32m200 [90m1ms - 2.59kb[0m
[90mGET /lib/bootstrap.min.js [32m200 [90m1ms - 25.09kb[0m
[90mGET /js/views/about.js [32m200 [90m1ms - 201[0m
[90mGET /lib/jquery-1.8.2.min.js [32m200 [90m61ms - 91.25kb[0m
[90mGET /js/views/home.js [32m200 [90m40ms - 200[0m
[90mGET /js/views/iconlist.js [32m200 [90m24ms - 993[0m
[90mGET /js/views/browse.js [32m200 [90m1ms - 203[0m
[90mGET /js/main.js [32m200 [90m1ms - 1.98kb[0m
[90mGET /lib/backbone-min.js [32m200 [90m1ms - 16.08kb[0m
[90mGET /tpl/HomeView.html [32m200 [90m1ms - 1.11kb[0m
[90mGET /tpl/IconView.html [32m200 [90m2ms - 3.32kb[0m
[90mGET /tpl/BrowseView.html [32m200 [90m2ms - 4.35kb[0m
[90mGET /tpl/HeaderView.html [32m200 [90m2ms - 1.62kb[0m
[90mGET /tpl/IconListItemView.html [32m200 [90m2ms - 326[0m
[90mGET /tpl/AboutView.html [32m200 [90m0ms - 1.28kb[0m
[90mGET /img/wine.png [32m200 [90m1ms - 587[0m
[90mGET /img/glyphicons-halflings-white.png [32m200 [90m0ms - 8.57kb[0m
[90mGET /css/img/bg.jpg [32m200 [90m1ms - 133.26kb[0m
[90mGET /img/glyphicons-halflings.png [32m200 [90m1ms - 12.5kb[0m
[90mGET /icons [32m200 [90m2ms - 637[0m
[90mGET /pics/generic.jpg [32m200 [90m1ms - 24.29kb[0m
[90mGET / [32m200 [90m1ms - 2.42kb[0m
[90mGET / [32m200 [90m1ms - 2.42kb[0m
[90mGET /robots.txt [33m404 [90m1ms[0m
[90mGET / [32m200 [90m1ms - 2.42kb[0m
[90mGET /robots.txt [33m404 [90m1ms[0m
[90mGET / [32m200 [90m1ms - 2.42kb[0m
[90mGET / [32m200 [90m1ms - 2.42kb[0m
[90mGET / [32m200 [90m1ms - 2.42kb[0m
[90mGET / [32m200 [90m1ms - 2.42kb[0m
[90mGET / [32m200 [90m1ms - 2.42kb[0m
[90mGET / [32m200 [90m1ms - 2.42kb[0m
[90mGET /viewpart.php [33m404 [90m0ms[0m
[90mGET /robots.txt [33m404 [90m1ms[0m
[90mGET / [32m200 [90m1ms - 2.42kb[0m
[90mGET /wines [33m404 [90m1ms[0m
[90mGET /favicon.ico [33m404 [90m1ms[0m
[90mGET / [32m200 [90m1ms - 2.42kb[0m
[90mGET /css/styles.css [32m200 [90m1ms - 1.93kb[0m
[90mGET /socket.io/socket.io.js [33m404 [90m0ms[0m
[90mGET /css/bootstrap-responsive.css [32m200 [90m37ms - 20.51kb[0m
[90mGET /lib/underscore-min.js [32m200 [90m1ms - 13.12kb[0m
[90mGET /lib/backbone-min.js [32m200 [90m1ms - 16.08kb[0m
[90mGET /lib/bootstrap.min.js [32m200 [90m1ms - 25.09kb[0m
[90mGET /js/utils.js [32m200 [90m0ms - 1.61kb[0m
[90mGET /css/bootstrap.css [32m200 [90m247ms - 115.36kb[0m
[90mGET /lib/jquery-1.8.2.min.js [32m200 [90m283ms - 91.25kb[0m
[90mGET /js/models/models.js [32m200 [90m0ms - 1.6kb[0m
[90mGET /js/views/paginator.js [32m200 [90m1ms - 633[0m
[90mGET /js/views/header.js [32m200 [90m1ms - 382[0m
[90mGET /js/views/home.js [32m200 [90m2ms - 200[0m
[90mGET /js/views/iconlist.js [32m200 [90m1ms - 993[0m
[90mGET /js/views/icondetails.js [32m200 [90m1ms - 2.59kb[0m
[90mGET /js/views/about.js [32m200 [90m1ms - 201[0m
[90mGET /js/views/browse.js [32m200 [90m1ms - 203[0m
[90mGET /js/main.js [32m200 [90m0ms - 1.98kb[0m
[90mGET /tpl/HomeView.html [32m200 [90m1ms - 1.11kb[0m
[90mGET /tpl/HeaderView.html [32m200 [90m0ms - 1.62kb[0m
[90mGET /tpl/BrowseView.html [32m200 [90m1ms - 4.35kb[0m
[90mGET /tpl/IconView.html [32m200 [90m1ms - 3.32kb[0m
[90mGET /tpl/IconListItemView.html [32m200 [90m0ms - 326[0m
[90mGET /tpl/AboutView.html [32m200 [90m1ms - 1.28kb[0m
[90mGET /img/wine.png [32m200 [90m1ms - 587[0m
[90mGET /img/glyphicons-halflings-white.png [32m200 [90m2ms - 8.57kb[0m
[90mGET /css/img/bg.jpg [32m200 [90m120ms - 133.26kb[0m
[90mGET /img/icon.png [32m200 [90m0ms - 551[0m
[90mGET /icons [32m200 [90m1ms - 637[0m
[90mGET /pics/generic.jpg [32m200 [90m1ms - 24.29kb[0m
[90mGET /img/glyphicons-halflings.png [32m200 [90m1ms - 12.5kb[0m
[90mGET / [32m200 [90m1ms - 2.42kb[0m
[90mGET /icons [32m200 [90m1ms - 637[0m
[90mGET /pics/generic.jpg [36m304 [90m1ms[0m
[90mGET /img/download.png [32m200 [90m40ms - 56.68kb[0m
[90mGET /img/discuss.png [32m200 [90m90ms - 53.56kb[0m
[90mGET /img/blog.png [32m200 [90m103ms - 55.22kb[0m
[90mGET /img/twitter.png [32m200 [90m127ms - 52.99kb[0m
[90mGET / [32m200 [90m1ms - 2.42kb[0m
[90mGET / [32m200 [90m1ms - 2.42kb[0m
[90mGET /robots.txt [33m404 [90m1ms[0m
[90mGET / [32m200 [90m1ms - 2.42kb[0m
[90mHEAD / [32m200 [90m0ms - 2.42kb[0m
[90mGET / [32m200 [90m1ms - 2.42kb[0m
[90mGET /index.htm [33m404 [90m0ms[0m
[90mGET / [32m200 [90m1ms - 2.42kb[0m
[90mGET /w00tw00t.at.blackhats.romanian.anti-sec:) [33m404 [90m1ms[0m
[90mGET /phpMyAdmin/scripts/setup.php [33m404 [90m1ms[0m
[90mGET /phpmyadmin/scripts/setup.php [33m404 [90m0ms[0m
[90mGET /pma/scripts/setup.php [33m404 [90m1ms[0m
[90mGET /myadmin/scripts/setup.php [33m404 [90m1ms[0m
[90mGET /MyAdmin/scripts/setup.php [33m404 [90m0ms[0m
[90mGET /icons [32m200 [90m3ms - 637[0m
[90mGET /pics/generic.jpg [36m304 [90m1ms[0m
Retrieving icon: 509497924bbf447479000001
[90mGET /icons/509497924bbf447479000001 [32m200 [90m3ms - 160[0m
[90mGET /pics/generic.jpg [36m304 [90m1ms[0m
[90mGET /icons [32m200 [90m2ms - 637[0m
[90mGET /pics/generic.jpg [36m304 [90m0ms[0m
Retrieving icon: 50950cb64bbf447479000002
[90mGET /icons/50950cb64bbf447479000002 [32m200 [90m2ms - 215[0m
[90mGET /pics/generic.jpg [36m304 [90m0ms[0m
[90mGET / [32m200 [90m1ms - 2.42kb[0m
[90mGET / [32m200 [90m1ms - 2.42kb[0m
[90mGET / [32m200 [90m1ms - 2.42kb[0m
[90mGET / [32m200 [90m1ms - 2.42kb[0m
[90mGET /icons [32m200 [90m2ms - 637[0m
[90mGET /pics/generic.jpg [36m304 [90m0ms[0m
[90mGET /robots.txt [33m404 [90m1ms[0m
[90mGET /icons [32m200 [90m1ms - 637[0m
[90mGET /pics/generic.jpg [36m304 [90m0ms[0m
[90mGET /pics/generic.jpg [36m304 [90m1ms[0m
[90mGET /icons [32m200 [90m2ms - 637[0m
[90mGET /pics/generic.jpg [36m304 [90m1ms[0m
Express server listening on port 80
Connected to 'icondb' database
